<?xml version="1.0" encoding="UTF-8"?>
<testsuite name="com.leszko.calculator.CalculatorApplicationTests" tests="1" skipped="0" failures="0" errors="0" timestamp="2019-08-30T07:46:42" hostname="instance-1" time="0.589">
  <properties/>
  <testcase name="contextLoads" classname="com.leszko.calculator.CalculatorApplicationTests" time="0.589"/>
  <system-out><![CDATA[07:46:32.143 [Test worker] DEBUG org.springframework.test.context.junit4.SpringJUnit4ClassRunner - SpringJUnit4ClassRunner constructor called with [class com.leszko.calculator.CalculatorApplicationTests]
07:46:32.182 [Test worker] DEBUG org.springframework.test.context.BootstrapUtils - Instantiating CacheAwareContextLoaderDelegate from class [org.springframework.test.context.cache.DefaultCacheAwareContextLoaderDelegate]
07:46:32.225 [Test worker] DEBUG org.springframework.test.context.BootstrapUtils - Instantiating BootstrapContext using constructor [public org.springframework.test.context.support.DefaultBootstrapContext(java.lang.Class,org.springframework.test.context.CacheAwareContextLoaderDelegate)]
07:46:32.331 [Test worker] DEBUG org.springframework.test.context.BootstrapUtils - Instantiating TestContextBootstrapper for test class [com.leszko.calculator.CalculatorApplicationTests] from class [org.springframework.boot.test.context.SpringBootTestContextBootstrapper]
07:46:32.390 [Test worker] INFO org.springframework.boot.test.context.SpringBootTestContextBootstrapper - Neither @ContextConfiguration nor @ContextHierarchy found for test class [com.leszko.calculator.CalculatorApplicationTests], using SpringBootContextLoader
07:46:32.399 [Test worker] DEBUG org.springframework.test.context.support.AbstractContextLoader - Did not detect default resource location for test class [com.leszko.calculator.CalculatorApplicationTests]: class path resource [com/leszko/calculator/CalculatorApplicationTests-context.xml] does not exist
07:46:32.408 [Test worker] DEBUG org.springframework.test.context.support.AbstractContextLoader - Did not detect default resource location for test class [com.leszko.calculator.CalculatorApplicationTests]: class path resource [com/leszko/calculator/CalculatorApplicationTestsContext.groovy] does not exist
07:46:32.409 [Test worker] INFO org.springframework.test.context.support.AbstractContextLoader - Could not detect default resource locations for test class [com.leszko.calculator.CalculatorApplicationTests]: no resource found for suffixes {-context.xml, Context.groovy}.
07:46:32.412 [Test worker] INFO org.springframework.test.context.support.AnnotationConfigContextLoaderUtils - Could not detect default configuration classes for test class [com.leszko.calculator.CalculatorApplicationTests]: CalculatorApplicationTests does not declare any static, non-private, non-final, nested classes annotated with @Configuration.
07:46:32.658 [Test worker] DEBUG org.springframework.test.context.support.ActiveProfilesUtils - Could not find an 'annotation declaring class' for annotation type [org.springframework.test.context.ActiveProfiles] and class [com.leszko.calculator.CalculatorApplicationTests]
07:46:32.996 [Test worker] DEBUG org.springframework.context.annotation.ClassPathScanningCandidateComponentProvider - Identified candidate component class: file [/home/phuvanat_chun/sample1/build/classes/java/main/com/leszko/calculator/CalculatorApplication.class]
07:46:33.031 [Test worker] INFO org.springframework.boot.test.context.SpringBootTestContextBootstrapper - Found @SpringBootConfiguration com.leszko.calculator.CalculatorApplication for test class com.leszko.calculator.CalculatorApplicationTests
07:46:33.496 [Test worker] DEBUG org.springframework.boot.test.context.SpringBootTestContextBootstrapper - @TestExecutionListeners is not present for class [com.leszko.calculator.CalculatorApplicationTests]: using defaults.
07:46:33.498 [Test worker] INFO org.springframework.boot.test.context.SpringBootTestContextBootstrapper - Loaded default TestExecutionListener class names from location [META-INF/spring.factories]: [org.springframework.boot.test.autoconfigure.restdocs.RestDocsTestExecutionListener, org.springframework.boot.test.autoconfigure.web.client.MockRestServiceServerResetTestExecutionListener, org.springframework.boot.test.autoconfigure.web.servlet.MockMvcPrintOnlyOnFailureTestExecutionListener, org.springframework.boot.test.autoconfigure.web.servlet.WebDriverTestExecutionListener, org.springframework.boot.test.mock.mockito.MockitoTestExecutionListener, org.springframework.boot.test.mock.mockito.ResetMocksTestExecutionListener, org.springframework.test.context.web.ServletTestExecutionListener, org.springframework.test.context.support.DirtiesContextBeforeModesTestExecutionListener, org.springframework.test.context.support.DependencyInjectionTestExecutionListener, org.springframework.test.context.support.DirtiesContextTestExecutionListener, org.springframework.test.context.transaction.TransactionalTestExecutionListener, org.springframework.test.context.jdbc.SqlScriptsTestExecutionListener]
07:46:33.558 [Test worker] DEBUG org.springframework.boot.test.context.SpringBootTestContextBootstrapper - Skipping candidate TestExecutionListener [org.springframework.test.context.transaction.TransactionalTestExecutionListener] due to a missing dependency. Specify custom listener classes or make the default listener classes and their required dependencies available. Offending class: [org/springframework/transaction/TransactionDefinition]
07:46:33.561 [Test worker] DEBUG org.springframework.boot.test.context.SpringBootTestContextBootstrapper - Skipping candidate TestExecutionListener [org.springframework.test.context.jdbc.SqlScriptsTestExecutionListener] due to a missing dependency. Specify custom listener classes or make the default listener classes and their required dependencies available. Offending class: [org/springframework/transaction/interceptor/TransactionAttribute]
07:46:33.571 [Test worker] INFO org.springframework.boot.test.context.SpringBootTestContextBootstrapper - Using TestExecutionListeners: [org.springframework.test.context.web.ServletTestExecutionListener@159a9b43, org.springframework.test.context.support.DirtiesContextBeforeModesTestExecutionListener@f09f556, org.springframework.boot.test.mock.mockito.MockitoTestExecutionListener@4e64194d, org.springframework.boot.test.autoconfigure.SpringBootDependencyInjectionTestExecutionListener@177f0d9, org.springframework.test.context.support.DirtiesContextTestExecutionListener@40f63337, org.springframework.boot.test.autoconfigure.restdocs.RestDocsTestExecutionListener@95cd3a, org.springframework.boot.test.autoconfigure.web.client.MockRestServiceServerResetTestExecutionListener@6e551214, org.springframework.boot.test.autoconfigure.web.servlet.MockMvcPrintOnlyOnFailureTestExecutionListener@501ad63f, org.springframework.boot.test.autoconfigure.web.servlet.WebDriverTestExecutionListener@21042880, org.springframework.boot.test.mock.mockito.ResetMocksTestExecutionListener@f56dd87]
07:46:33.575 [Test worker] DEBUG org.springframework.test.annotation.ProfileValueUtils - Retrieved @ProfileValueSourceConfiguration [null] for test class [com.leszko.calculator.CalculatorApplicationTests]
07:46:33.581 [Test worker] DEBUG org.springframework.test.annotation.ProfileValueUtils - Retrieved ProfileValueSource type [class org.springframework.test.annotation.SystemProfileValueSource] for class [com.leszko.calculator.CalculatorApplicationTests]
07:46:33.582 [Test worker] DEBUG org.springframework.test.annotation.ProfileValueUtils - Retrieved @ProfileValueSourceConfiguration [null] for test class [com.leszko.calculator.CalculatorApplicationTests]
07:46:33.584 [Test worker] DEBUG org.springframework.test.annotation.ProfileValueUtils - Retrieved ProfileValueSource type [class org.springframework.test.annotation.SystemProfileValueSource] for class [com.leszko.calculator.CalculatorApplicationTests]
07:46:33.609 [Test worker] DEBUG org.springframework.test.context.support.AbstractDirtiesContextTestExecutionListener - Before test class: context [DefaultTestContext@632d4e31 testClass = CalculatorApplicationTests, testInstance = [null], testMethod = [null], testException = [null], mergedContextConfiguration = [WebMergedContextConfiguration@1859550b testClass = CalculatorApplicationTests, locations = '{}', classes = '{class com.leszko.calculator.CalculatorApplication}', contextInitializerClasses = '[]', activeProfiles = '{}', propertySourceLocations = '{}', propertySourceProperties = '{org.springframework.boot.test.context.SpringBootTestContextBootstrapper=true}', contextCustomizers = set[org.springframework.boot.test.autoconfigure.properties.PropertyMappingContextCustomizer@0, org.springframework.boot.test.autoconfigure.web.servlet.WebDriverContextCustomizerFactory$Customizer@59cc063d, org.springframework.boot.test.context.filter.ExcludeFilterContextCustomizer@7378985b, org.springframework.boot.test.json.DuplicateJsonObjectContextCustomizerFactory$DuplicateJsonObjectContextCustomizer@2bea250f, org.springframework.boot.test.mock.mockito.MockitoContextCustomizer@0, org.springframework.boot.test.web.client.TestRestTemplateContextCustomizer@1555d1fb], resourceBasePath = 'src/main/webapp', contextLoader = 'org.springframework.boot.test.context.SpringBootContextLoader', parent = [null]], attributes = map['org.springframework.test.context.web.ServletTestExecutionListener.activateListener' -> true]], class annotated with @DirtiesContext [false] with mode [null].
07:46:33.611 [Test worker] DEBUG org.springframework.test.annotation.ProfileValueUtils - Retrieved @ProfileValueSourceConfiguration [null] for test class [com.leszko.calculator.CalculatorApplicationTests]
07:46:33.613 [Test worker] DEBUG org.springframework.test.annotation.ProfileValueUtils - Retrieved ProfileValueSource type [class org.springframework.test.annotation.SystemProfileValueSource] for class [com.leszko.calculator.CalculatorApplicationTests]
07:46:33.705 [Test worker] DEBUG org.springframework.test.context.support.TestPropertySourceUtils - Adding inlined properties to environment: {spring.jmx.enabled=false, org.springframework.boot.test.context.SpringBootTestContextBootstrapper=true, server.port=-1}

  .   ____          _            __ _ _
 /\\ / ___'_ __ _ _(_)_ __  __ _ \ \ \ \
( ( )\___ | '_ | '_| | '_ \/ _` | \ \ \ \
 \\/  ___)| |_)| | | | | || (_| |  ) ) ) )
  '  |____| .__|_| |_|_| |_\__, | / / / /
 =========|_|==============|___/=/_/_/_/
 :: Spring Boot ::        (v2.1.3.RELEASE)

2019-08-30 07:46:35.043  INFO 19320 --- [    Test worker] c.l.c.CalculatorApplicationTests         : Starting CalculatorApplicationTests on instance-1 with PID 19320 (started by root in /home/phuvanat_chun/sample1)
2019-08-30 07:46:35.053  INFO 19320 --- [    Test worker] c.l.c.CalculatorApplicationTests         : No active profile set, falling back to default profiles: default
2019-08-30 07:46:41.869  INFO 19320 --- [    Test worker] o.s.s.concurrent.ThreadPoolTaskExecutor  : Initializing ExecutorService 'applicationTaskExecutor'
2019-08-30 07:46:42.887  INFO 19320 --- [    Test worker] c.l.c.CalculatorApplicationTests         : Started CalculatorApplicationTests in 9.138 seconds (JVM running for 13.129)
]]></system-out>
  <system-err><![CDATA[]]></system-err>
</testsuite>
